0 info it worked if it ends with ok
1 verbose cli [ '/usr/local/Cellar/node/6.4.0/bin/node',
1 verbose cli   '/usr/local/bin/npm',
1 verbose cli   'run',
1 verbose cli   'dev' ]
2 info using npm@3.10.3
3 info using node@v6.4.0
4 verbose run-script [ 'predev', 'dev', 'postdev' ]
5 info lifecycle DOTA_memory@1.0.0~predev: DOTA_memory@1.0.0
6 silly lifecycle DOTA_memory@1.0.0~predev: no script for predev, continuing
7 info lifecycle DOTA_memory@1.0.0~dev: DOTA_memory@1.0.0
8 verbose lifecycle DOTA_memory@1.0.0~dev: unsafe-perm in lifecycle true
9 verbose lifecycle DOTA_memory@1.0.0~dev: PATH: /usr/local/lib/node_modules/npm/bin/node-gyp-bin:/Users/beisen/Beisen/ux/DOTA_memory/node_modules/.bin:/usr/local/Cellar/node/6.4.0/bin:/usr/local/bin:/usr/bin:/bin:/usr/sbin:/sbin:/Library/Frameworks/Mono.framework/Versions/Current/Commands
10 verbose lifecycle DOTA_memory@1.0.0~dev: CWD: /Users/beisen/Beisen/ux/DOTA_memory
11 silly lifecycle DOTA_memory@1.0.0~dev: Args: [ '-c', 'webpack --watch' ]
12 silly lifecycle DOTA_memory@1.0.0~dev: Returned: code: 1  signal: null
13 info lifecycle DOTA_memory@1.0.0~dev: Failed to exec dev script
14 verbose stack Error: DOTA_memory@1.0.0 dev: `webpack --watch`
14 verbose stack Exit status 1
14 verbose stack     at EventEmitter.<anonymous> (/usr/local/lib/node_modules/npm/lib/utils/lifecycle.js:242:16)
14 verbose stack     at emitTwo (events.js:106:13)
14 verbose stack     at EventEmitter.emit (events.js:191:7)
14 verbose stack     at ChildProcess.<anonymous> (/usr/local/lib/node_modules/npm/lib/utils/spawn.js:40:14)
14 verbose stack     at emitTwo (events.js:106:13)
14 verbose stack     at ChildProcess.emit (events.js:191:7)
14 verbose stack     at maybeClose (internal/child_process.js:852:16)
14 verbose stack     at Process.ChildProcess._handle.onexit (internal/child_process.js:215:5)
15 verbose pkgid DOTA_memory@1.0.0
16 verbose cwd /Users/beisen/Beisen/ux/DOTA_memory
17 error Darwin 15.6.0
18 error argv "/usr/local/Cellar/node/6.4.0/bin/node" "/usr/local/bin/npm" "run" "dev"
19 error node v6.4.0
20 error npm  v3.10.3
21 error code ELIFECYCLE
22 error DOTA_memory@1.0.0 dev: `webpack --watch`
22 error Exit status 1
23 error Failed at the DOTA_memory@1.0.0 dev script 'webpack --watch'.
23 error Make sure you have the latest version of node.js and npm installed.
23 error If you do, this is most likely a problem with the DOTA_memory package,
23 error not with npm itself.
23 error Tell the author that this fails on your system:
23 error     webpack --watch
23 error You can get information on how to open an issue for this project with:
23 error     npm bugs DOTA_memory
23 error Or if that isn't available, you can get their info via:
23 error     npm owner ls DOTA_memory
23 error There is likely additional logging output above.
24 verbose exit [ 1, true ]
